{"/Users/ryota_yamada/source/engage-search2-front/app/example/sum.ts": {"path":"/Users/ryota_yamada/source/engage-search2-front/app/example/sum.ts","statementMap":{"0":{"start":{"line":1,"column":13},"end":{"line":1,"column":19}},"1":{"start":{"line":1,"column":19},"end":{"line":3,"column":null}},"2":{"start":{"line":2,"column":2},"end":{"line":2,"column":null}}},"fnMap":{"0":{"name":"(anonymous_1)","decl":{"start":{"line":1,"column":19},"end":{"line":1,"column":20}},"loc":{"start":{"line":1,"column":53},"end":{"line":3,"column":null}}}},"branchMap":{},"s":{"0":1,"1":1,"2":1},"f":{"0":1},"b":{}}
}
